[17-Apr-2021 21:17:27] NOTICE: fpm is running, pid 4101
[17-Apr-2021 21:17:27] NOTICE: ready to handle connections
[18-Apr-2021 18:19:11] NOTICE: Terminating ...
[18-Apr-2021 18:19:11] NOTICE: Terminating ...
[18-Apr-2021 18:19:11] NOTICE: exiting, bye-bye!
[18-Apr-2021 18:19:16] NOTICE: fpm is running, pid 21409
[18-Apr-2021 18:19:16] NOTICE: ready to handle connections
[20-Apr-2021 22:28:00] NOTICE: fpm is running, pid 778
[20-Apr-2021 22:28:00] NOTICE: ready to handle connections
[25-Apr-2021 15:29:03] NOTICE: Terminating ...
[25-Apr-2021 15:29:03] NOTICE: Terminating ...
[25-Apr-2021 15:29:03] NOTICE: exiting, bye-bye!
[29-Apr-2021 17:50:51] NOTICE: fpm is running, pid 9887
[29-Apr-2021 17:50:51] NOTICE: ready to handle connections
[29-Apr-2021 22:17:41] NOTICE: Terminating ...
[29-Apr-2021 22:17:41] NOTICE: Terminating ...
[29-Apr-2021 22:17:41] NOTICE: exiting, bye-bye!
[29-Apr-2021 22:17:44] NOTICE: fpm is running, pid 11404
[29-Apr-2021 22:17:44] NOTICE: ready to handle connections
[29-Apr-2021 23:57:19] NOTICE: Terminating ...
[29-Apr-2021 23:57:19] NOTICE: Terminating ...
[29-Apr-2021 23:57:19] NOTICE: exiting, bye-bye!
[08-May-2021 21:51:17] NOTICE: fpm is running, pid 16694
[08-May-2021 21:51:17] NOTICE: ready to handle connections
[03-Jun-2021 21:16:49] NOTICE: Terminating ...
[03-Jun-2021 21:16:49] NOTICE: exiting, bye-bye!
[20-Jun-2021 13:11:04] NOTICE: fpm is running, pid 50849
[20-Jun-2021 13:11:04] NOTICE: ready to handle connections
[20-Jun-2021 13:11:12] NOTICE: Terminating ...
[20-Jun-2021 13:11:12] NOTICE: Terminating ...
[20-Jun-2021 13:11:12] NOTICE: exiting, bye-bye!
[20-Jun-2021 13:11:38] NOTICE: fpm is running, pid 50891
[20-Jun-2021 13:11:38] NOTICE: ready to handle connections
